<?xml version="1.0" encoding="UTF-8"?>
<!-- Generated by org.testng.reporters.JUnitReportReporter -->
<testsuite hostname="MonalisaPC" failures="0" tests="1" name="com.acti.base.DriverScript" time="5.563" errors="0" timestamp="2022-08-26T22:38:18 EDT" skipped="0">
  <testcase classname="com.acti.base.DriverScript" name="initapp" time="5.563"/>
  <system-out/>
</testsuite> <!-- com.acti.base.DriverScript -->
