<?xml version="1.0" encoding="UTF-8"?>
<!-- Generated by org.testng.reporters.JUnitReportReporter -->
<testsuite hostname="MonalisaPC" failures="0" tests="2" name="com.acti.test.LoginTest" time="12.471" errors="0" timestamp="2022-08-30T22:38:47 EDT" skipped="0">
  <testcase classname="com.acti.test.LoginTest" name="initapp" time="4.027"/>
  <system-out/>
  <testcase classname="com.acti.test.LoginTest" name="testValidateForgotPasswordLink" time="8.444"/>
  <system-out/>
</testsuite> <!-- com.acti.test.LoginTest -->
